*** This is nuXmv 2.0.0 (compiled on Mon Oct 14 18:05:39 2019)
*** Copyright (c) 2014-2019, Fondazione Bruno Kessler
*** For more information on nuXmv see https://nuxmv.fbk.eu
*** or email to <nuxmv@list.fbk.eu>.
*** Please report bugs at https://nuxmv.fbk.eu/bugs
*** (click on "Login Anonymously" to access)
*** Alternatively write to <nuxmv@list.fbk.eu>.

*** This version of nuXmv is linked to NuSMV 2.6.0.
*** For more information on NuSMV see <http://nusmv.fbk.eu>
*** or email to <nusmv-users@list.fbk.eu>.
*** Copyright (C) 2010-2019, Fondazione Bruno Kessler

*** This version of nuXmv is linked to the CUDD library version 2.4.1
*** Copyright (c) 1995-2004, Regents of the University of Colorado

*** This version of nuXmv is linked to the MiniSat SAT solver. 
*** See http://minisat.se/MiniSat.html
*** Copyright (c) 2003-2006, Niklas Een, Niklas Sorensson
*** Copyright (c) 2007-2010, Niklas Sorensson

*** This version of nuXmv is linked to MathSAT
*** Copyright (C) 2009-2019 by Fondazione Bruno Kessler
*** Copyright (C) 2009-2019 by University of Trento and others
*** See http://mathsat.fbk.eu

-- specification !( F ((((((((((((((b00 != bx & b01 != bx) & b02 != bx) & b03 != bx) & b04 != bx) & b10 != bx) & b11 != bx) & b12 != bx) & b13 != bx) & b14 != bx) & b20 != bx) & b21 != bx) & b22 != bx) & b23 != bx) & b24 != bx))  is false
-- as demonstrated by the following execution sequence
Trace Description: LTL Counterexample 
Trace Type: Counterexample 
  -> State: 1.1 <-
    dr = s
    i = 1
    j = 1
    right = FALSE
    left = FALSE
    down = FALSE
    up = FALSE
    b00 = wall
    b01 = wall
    b02 = wall
    b03 = wall
    b04 = wall
    b10 = wall
    b11 = man
    b12 = bx
    b13 = target
    b14 = wall
    b20 = wall
    b21 = wall
    b22 = wall
    b23 = wall
    b24 = wall
    n = 5
    m = 3
  -> State: 1.2 <-
    dr = r
    j = 2
    right = TRUE
    b11 = flr
    b12 = man
    b13 = bxtrg
  -- Loop starts here
  -> State: 1.3 <-
    dr = l
    j = 1
    right = FALSE
    left = TRUE
    b11 = man
    b12 = flr
  -> State: 1.4 <-
    dr = r
    j = 2
    right = TRUE
    left = FALSE
    b11 = flr
    b12 = man
  -> State: 1.5 <-
    dr = l
    j = 1
    right = FALSE
    left = TRUE
    b11 = man
    b12 = flr
